\BOOKMARK [0][-]{chapter*.1}{Abstract}{}% 1
\BOOKMARK [0][-]{chapter*.2}{Acknowledgements}{}% 2
\BOOKMARK [0][-]{chapter*.3}{Table of Contents}{}% 3
\BOOKMARK [0][-]{chapter*.3}{List of Tables}{}% 4
\BOOKMARK [0][-]{chapter*.4}{List of Figures}{}% 5
\BOOKMARK [0][-]{chapter*.6}{Abbreviations}{}% 6
\BOOKMARK [0][-]{chapter.1}{Introduction and Background}{}% 7
\BOOKMARK [1][-]{section.1.1}{Title}{chapter.1}% 8
\BOOKMARK [1][-]{section.1.2}{Background}{chapter.1}% 9
\BOOKMARK [1][-]{section.1.3}{Main Research Question\(s\)}{chapter.1}% 10
\BOOKMARK [1][-]{section.1.4}{Justification / Benefits}{chapter.1}% 11
\BOOKMARK [1][-]{section.1.5}{Feasibility}{chapter.1}% 12
\BOOKMARK [1][-]{section.1.6}{Proposed Methodologies}{chapter.1}% 13
\BOOKMARK [1][-]{section.1.7}{Expected Results}{chapter.1}% 14
\BOOKMARK [1][-]{section.1.8}{Conclusion}{chapter.1}% 15
\BOOKMARK [1][-]{section.1.9}{Project plan}{chapter.1}% 16
\BOOKMARK [0][-]{chapter.2}{Literature Review}{}% 17
\BOOKMARK [1][-]{section.2.1}{Abstract}{chapter.2}% 18
\BOOKMARK [1][-]{section.2.2}{Literature Review}{chapter.2}% 19
\BOOKMARK [0][-]{chapter.3}{Methodology Chapter}{}% 20
\BOOKMARK [1][-]{section.3.1}{Introduction}{chapter.3}% 21
\BOOKMARK [2][-]{subsection.3.1.1}{What is Agile?}{section.3.1}% 22
\BOOKMARK [2][-]{subsection.3.1.2}{How does it work?}{section.3.1}% 23
\BOOKMARK [2][-]{subsection.3.1.3}{How is it different?}{section.3.1}% 24
\BOOKMARK [2][-]{subsection.3.1.4}{Agile vs Waterfall}{section.3.1}% 25
\BOOKMARK [1][-]{section.3.2}{Data Collection Methods}{chapter.3}% 26
\BOOKMARK [2][-]{subsection.3.2.1}{Internet Search}{section.3.2}% 27
\BOOKMARK [2][-]{subsection.3.2.2}{Supervisor Input}{section.3.2}% 28
\BOOKMARK [2][-]{subsection.3.2.3}{Journals in Library}{section.3.2}% 29
\BOOKMARK [1][-]{section.3.3}{Method of Analysis}{chapter.3}% 30
\BOOKMARK [2][-]{subsection.3.3.1}{Formulation of Where to Start}{section.3.3}% 31
\BOOKMARK [2][-]{subsection.3.3.2}{Early System Implementation}{section.3.3}% 32
\BOOKMARK [2][-]{subsection.3.3.3}{Review of Literature}{section.3.3}% 33
\BOOKMARK [1][-]{section.3.4}{Summary}{chapter.3}% 34
\BOOKMARK [0][-]{chapter.4}{Implementation - "Building the solution"}{}% 35
\BOOKMARK [1][-]{section.4.1}{Introduction}{chapter.4}% 36
\BOOKMARK [2][-]{subsection.4.1.1}{OO Analysis and Design}{section.4.1}% 37
\BOOKMARK [2][-]{subsection.4.1.2}{Role of UML in OO design}{section.4.1}% 38
\BOOKMARK [2][-]{subsection.4.1.3}{UML Diagrams}{section.4.1}% 39
\BOOKMARK [1][-]{section.4.2}{System Design}{chapter.4}% 40
\BOOKMARK [2][-]{subsection.4.2.1}{ERD Creation}{section.4.2}% 41
\BOOKMARK [2][-]{subsection.4.2.2}{Table Creation}{section.4.2}% 42
\BOOKMARK [2][-]{subsection.4.2.3}{Test Tables}{section.4.2}% 43
\BOOKMARK [1][-]{section.4.3}{IDE Choice}{chapter.4}% 44
\BOOKMARK [2][-]{subsection.4.3.1}{Sublime}{section.4.3}% 45
\BOOKMARK [2][-]{subsection.4.3.2}{Netbeans}{section.4.3}% 46
\BOOKMARK [2][-]{subsection.4.3.3}{Eclipse}{section.4.3}% 47
\BOOKMARK [1][-]{section.4.4}{Appearance}{chapter.4}% 48
\BOOKMARK [2][-]{subsection.4.4.1}{Wire Framing}{section.4.4}% 49
\BOOKMARK [2][-]{subsection.4.4.2}{CSS}{section.4.4}% 50
\BOOKMARK [2][-]{subsection.4.4.3}{HTML}{section.4.4}% 51
\BOOKMARK [1][-]{section.4.5}{Technologies}{chapter.4}% 52
\BOOKMARK [2][-]{subsection.4.5.1}{Netbeans IDE}{section.4.5}% 53
\BOOKMARK [2][-]{subsection.4.5.2}{Server}{section.4.5}% 54
\BOOKMARK [2][-]{subsection.4.5.3}{Framework}{section.4.5}% 55
\BOOKMARK [2][-]{subsection.4.5.4}{Java OO}{section.4.5}% 56
\BOOKMARK [2][-]{subsection.4.5.5}{Encryption}{section.4.5}% 57
\BOOKMARK [2][-]{subsection.4.5.6}{BLOB}{section.4.5}% 58
\BOOKMARK [2][-]{subsection.4.5.7}{Database Choice}{section.4.5}% 59
\BOOKMARK [0][-]{chapter.5}{Implementation of the System}{}% 60
\BOOKMARK [1][-]{section.5.1}{Implementation Principles}{chapter.5}% 61
\BOOKMARK [2][-]{subsection.5.1.1}{Object-Oriented Approach}{section.5.1}% 62
\BOOKMARK [2][-]{subsection.5.1.2}{Design Patterns}{section.5.1}% 63
\BOOKMARK [2][-]{subsection.5.1.3}{Choice of Language}{section.5.1}% 64
\BOOKMARK [1][-]{section.5.2}{Stages of Admin Implementation}{chapter.5}% 65
\BOOKMARK [2][-]{subsection.5.2.1}{Login}{section.5.2}% 66
\BOOKMARK [2][-]{subsection.5.2.2}{Administration}{section.5.2}% 67
\BOOKMARK [2][-]{subsection.5.2.3}{Subsection header 3}{section.5.2}% 68
\BOOKMARK [1][-]{section.5.3}{Stages of User Implementation}{chapter.5}% 69
\BOOKMARK [2][-]{subsection.5.3.1}{Subsection header 1}{section.5.3}% 70
\BOOKMARK [2][-]{subsection.5.3.2}{Subsection header 2}{section.5.3}% 71
\BOOKMARK [2][-]{subsection.5.3.3}{Subsection header 3}{section.5.3}% 72
\BOOKMARK [1][-]{section.5.4}{Design}{chapter.5}% 73
\BOOKMARK [2][-]{subsection.5.4.1}{Subsection header 1}{section.5.4}% 74
\BOOKMARK [2][-]{subsection.5.4.2}{Subsection header 2}{section.5.4}% 75
\BOOKMARK [2][-]{subsection.5.4.3}{Subsection header 3}{section.5.4}% 76
\BOOKMARK [0][-]{chapter.6}{Testing and Evaluation}{}% 77
\BOOKMARK [1][-]{section.6.1}{Introduction}{chapter.6}% 78
\BOOKMARK [1][-]{section.6.2}{Tests Conducted}{chapter.6}% 79
\BOOKMARK [1][-]{section.6.3}{Algorithms}{chapter.6}% 80
\BOOKMARK [1][-]{section.6.4}{Summary}{chapter.6}% 81
\BOOKMARK [0][-]{chapter.7}{Conclusion and Future work}{}% 82
\BOOKMARK [1][-]{section.7.1}{Contributions}{chapter.7}% 83
\BOOKMARK [1][-]{section.7.2}{Limitations}{chapter.7}% 84
\BOOKMARK [1][-]{section.7.3}{Future Work}{chapter.7}% 85
\BOOKMARK [1][-]{section.7.4}{Data Collection}{chapter.7}% 86
\BOOKMARK [0][-]{section.7.4}{Bibliography}{}% 87
\BOOKMARK [0][-]{chapter*.8}{Appendices}{}% 88
\BOOKMARK [1][-]{section.0.1}{Web Application Login Screen}{chapter*.8}% 89
\BOOKMARK [1][-]{section.0.2}{Web Application Question Entry}{chapter*.8}% 90
\BOOKMARK [1][-]{section.0.3}{Generate a Question}{chapter*.8}% 91
\BOOKMARK [1][-]{section.0.4}{Show questions}{chapter*.8}% 92
\BOOKMARK [1][-]{section.0.5}{Show}{chapter*.8}% 93
