This is pdfTeX, Version 3.14159265-2.6-1.40.17 (TeX Live 2016) (preloaded format=pdflatex 2016.9.17)  13 MAY 2017 15:56
entering extended mode
 restricted \write18 enabled.
 file:line:error style messages enabled.
 %&-line parsing enabled.
**Thesis.tex
(./Thesis.tex
LaTeX2e <2016/03/31>
Babel <3.9r> and hyphenation patterns for 83 language(s) loaded.
(/usr/local/texlive/2016/texmf-dist/tex/latex/base/report.cls
Document Class: report 2014/09/29 v1.4h Standard LaTeX document class
(/usr/local/texlive/2016/texmf-dist/tex/latex/base/size12.clo
File: size12.clo 2014/09/29 v1.4h Standard LaTeX file (size option)
)
\c@part=\count79
\c@chapter=\count80
\c@section=\count81
\c@subsection=\count82
\c@subsubsection=\count83
\c@paragraph=\count84
\c@subparagraph=\count85
\c@figure=\count86
\c@table=\count87
\abovecaptionskip=\skip41
\belowcaptionskip=\skip42
\bibindent=\dimen102
)
(/usr/local/texlive/2016/texmf-dist/tex/latex/hyphenat/hyphenat.sty
Package: hyphenat 2009/09/02 v2.3c hyphenation utilities
\langwohyphens=\language83
LaTeX Info: Redefining \_ on input line 43.
)
(/usr/local/texlive/2016/texmf-dist/tex/latex/comment/comment.sty
\CommentStream=\write3

Excluding comment 'comment')
(/usr/local/texlive/2016/texmf-dist/tex/latex/geometry/geometry.sty
Package: geometry 2010/09/12 v5.6 Page Geometry

(/usr/local/texlive/2016/texmf-dist/tex/latex/graphics/keyval.sty
Package: keyval 2014/10/28 v1.15 key=value parser (DPC)
\KV@toks@=\toks14
)
(/usr/local/texlive/2016/texmf-dist/tex/generic/oberdiek/ifpdf.sty
Package: ifpdf 2016/05/14 v3.1 Provides the ifpdf switch
)
(/usr/local/texlive/2016/texmf-dist/tex/generic/oberdiek/ifvtex.sty
Package: ifvtex 2016/05/16 v1.6 Detect VTeX and its facilities (HO)
Package ifvtex Info: VTeX not detected.
)
(/usr/local/texlive/2016/texmf-dist/tex/generic/ifxetex/ifxetex.sty
Package: ifxetex 2010/09/12 v0.6 Provides ifxetex conditional
)
\Gm@cnth=\count88
\Gm@cntv=\count89
\c@Gm@tempcnt=\count90
\Gm@bindingoffset=\dimen103
\Gm@wd@mp=\dimen104
\Gm@odd@mp=\dimen105
\Gm@even@mp=\dimen106
\Gm@layoutwidth=\dimen107
\Gm@layoutheight=\dimen108
\Gm@layouthoffset=\dimen109
\Gm@layoutvoffset=\dimen110
\Gm@dimlist=\toks15
)
(/usr/local/texlive/2016/texmf-dist/tex/latex/amsfonts/amsfonts.sty
Package: amsfonts 2013/01/14 v3.01 Basic AMSFonts support
\@emptytoks=\toks16
\symAMSa=\mathgroup4
\symAMSb=\mathgroup5
LaTeX Font Info:    Overwriting math alphabet `\mathfrak' in version `bold'
(Font)                  U/euf/m/n --> U/euf/b/n on input line 106.
)
(/usr/local/texlive/2016/texmf-dist/tex/latex/amsfonts/amssymb.sty
Package: amssymb 2013/01/14 v3.01 AMS font symbols
)
(/usr/local/texlive/2016/texmf-dist/tex/latex/amsmath/amsmath.sty
Package: amsmath 2016/03/10 v2.15b AMS math features
\@mathmargin=\skip43

For additional information on amsmath, use the `?' option.
(/usr/local/texlive/2016/texmf-dist/tex/latex/amsmath/amstext.sty
Package: amstext 2000/06/29 v2.01 AMS text

(/usr/local/texlive/2016/texmf-dist/tex/latex/amsmath/amsgen.sty
File: amsgen.sty 1999/11/30 v2.0 generic functions
\@emptytoks=\toks17
\ex@=\dimen111
))
(/usr/local/texlive/2016/texmf-dist/tex/latex/amsmath/amsbsy.sty
Package: amsbsy 1999/11/29 v1.2d Bold Symbols
\pmbraise@=\dimen112
)
(/usr/local/texlive/2016/texmf-dist/tex/latex/amsmath/amsopn.sty
Package: amsopn 2016/03/08 v2.02 operator names
)
\inf@bad=\count91
LaTeX Info: Redefining \frac on input line 199.
\uproot@=\count92
\leftroot@=\count93
LaTeX Info: Redefining \overline on input line 297.
\classnum@=\count94
\DOTSCASE@=\count95
LaTeX Info: Redefining \ldots on input line 394.
LaTeX Info: Redefining \dots on input line 397.
LaTeX Info: Redefining \cdots on input line 518.
\Mathstrutbox@=\box26
\strutbox@=\box27
\big@size=\dimen113
LaTeX Font Info:    Redeclaring font encoding OML on input line 634.
LaTeX Font Info:    Redeclaring font encoding OMS on input line 635.
\macc@depth=\count96
\c@MaxMatrixCols=\count97
\dotsspace@=\muskip10
\c@parentequation=\count98
\dspbrk@lvl=\count99
\tag@help=\toks18
\row@=\count100
\column@=\count101
\maxfields@=\count102
\andhelp@=\toks19
\eqnshift@=\dimen114
\alignsep@=\dimen115
\tagshift@=\dimen116
\tagwidth@=\dimen117
\totwidth@=\dimen118
\lineht@=\dimen119
\@envbody=\toks20
\multlinegap=\skip44
\multlinetaggap=\skip45
\mathdisplay@stack=\toks21
LaTeX Info: Redefining \[ on input line 2739.
LaTeX Info: Redefining \] on input line 2740.
)
(/usr/local/texlive/2016/texmf-dist/tex/latex/amscls/amsthm.sty
Package: amsthm 2015/03/04 v2.20.2
\thm@style=\toks22
\thm@bodyfont=\toks23
\thm@headfont=\toks24
\thm@notefont=\toks25
\thm@headpunct=\toks26
\thm@preskip=\skip46
\thm@postskip=\skip47
\thm@headsep=\skip48
\dth@everypar=\toks27
)
(/usr/local/texlive/2016/texmf-dist/tex/latex/base/newlfont.sty
Package: newlfont 1998/08/17 v2.2m Standard LaTeX package
LaTeX Info: Redefining \em on input line 57.

(/usr/local/texlive/2016/texmf-dist/tex/latex/base/latexsym.sty
Package: latexsym 1998/08/17 v2.2e Standard LaTeX package (lasy symbols)
\symlasy=\mathgroup6
LaTeX Font Info:    Overwriting symbol font `lasy' in version `bold'
(Font)                  U/lasy/m/n --> U/lasy/b/n on input line 52.
))
(/usr/local/texlive/2016/texmf-dist/tex/latex/graphics/graphicx.sty
Package: graphicx 2014/10/28 v1.0g Enhanced LaTeX Graphics (DPC,SPQR)

(/usr/local/texlive/2016/texmf-dist/tex/latex/graphics/graphics.sty
Package: graphics 2016/05/09 v1.0r Standard LaTeX Graphics (DPC,SPQR)

(/usr/local/texlive/2016/texmf-dist/tex/latex/graphics/trig.sty
Package: trig 2016/01/03 v1.10 sin cos tan (DPC)
)
(/usr/local/texlive/2016/texmf-dist/tex/latex/graphics-cfg/graphics.cfg
File: graphics.cfg 2016/01/02 v1.10 sample graphics configuration
)
Package graphics Info: Driver file: pdftex.def on input line 96.

(/usr/local/texlive/2016/texmf-dist/tex/latex/pdftex-def/pdftex.def
File: pdftex.def 2011/05/27 v0.06d Graphics/color for pdfTeX

(/usr/local/texlive/2016/texmf-dist/tex/generic/oberdiek/infwarerr.sty
Package: infwarerr 2016/05/16 v1.4 Providing info/warning/error messages (HO)
)
(/usr/local/texlive/2016/texmf-dist/tex/generic/oberdiek/ltxcmds.sty
Package: ltxcmds 2016/05/16 v1.23 LaTeX kernel commands for general use (HO)
)
\Gread@gobject=\count103
))
\Gin@req@height=\dimen120
\Gin@req@width=\dimen121
)
(/usr/local/texlive/2016/texmf-dist/tex/latex/tools/tabularx.sty
Package: tabularx 2016/02/03 v2.11 `tabularx' package (DPC)

(/usr/local/texlive/2016/texmf-dist/tex/latex/tools/array.sty
Package: array 2014/10/28 v2.4c Tabular extension package (FMi)
\col@sep=\dimen122
\extrarowheight=\dimen123
\NC@list=\toks28
\extratabsurround=\skip49
\backup@length=\skip50
)
\TX@col@width=\dimen124
\TX@old@table=\dimen125
\TX@old@col=\dimen126
\TX@target=\dimen127
\TX@delta=\dimen128
\TX@cols=\count104
\TX@ftn=\toks29
)
(/usr/local/texlive/2016/texmf-dist/tex/latex/tools/longtable.sty
Package: longtable 2014/10/28 v4.11 Multi-page Table package (DPC)
\LTleft=\skip51
\LTright=\skip52
\LTpre=\skip53
\LTpost=\skip54
\LTchunksize=\count105
\LTcapwidth=\dimen129
\LT@head=\box28
\LT@firsthead=\box29
\LT@foot=\box30
\LT@lastfoot=\box31
\LT@cols=\count106
\LT@rows=\count107
\c@LT@tables=\count108
\c@LT@chunks=\count109
\LT@p@ftn=\toks30
)
(/usr/local/texlive/2016/texmf-dist/tex/latex/graphics/lscape.sty
Package: lscape 2000/10/22 v3.01 Landscape Pages (DPC)
)
(/usr/local/texlive/2016/texmf-dist/tex/latex/natbib/natbib.sty
Package: natbib 2010/09/13 8.31b (PWD, AO)
\bibhang=\skip55
\bibsep=\skip56
LaTeX Info: Redefining \cite on input line 694.
\c@NAT@ctr=\count110
)
(/usr/local/texlive/2016/texmf-dist/tex/latex/fancyhdr/fancyhdr.sty
\fancy@headwidth=\skip57
\f@ncyO@elh=\skip58
\f@ncyO@erh=\skip59
\f@ncyO@olh=\skip60
\f@ncyO@orh=\skip61
\f@ncyO@elf=\skip62
\f@ncyO@erf=\skip63
\f@ncyO@olf=\skip64
\f@ncyO@orf=\skip65
)
(./xthesis.sty
Document Style Option `ITBthesis'.
) (./xtocinc.sty
\tclineskip=\skip66
)
(/usr/local/texlive/2016/texmf-dist/tex/latex/subfigure/subfigure.sty
Package: subfigure 2002/03/15 v2.1.5 subfigure package
\subfigtopskip=\skip67
\subfigcapskip=\skip68
\subfigcaptopadj=\dimen130
\subfigbottomskip=\skip69
\subfigcapmargin=\dimen131
\subfiglabelskip=\skip70
\c@subfigure=\count111
\c@lofdepth=\count112
\c@subtable=\count113
\c@lotdepth=\count114

****************************************
* Local config file subfigure.cfg used *
****************************************
(/usr/local/texlive/2016/texmf-dist/tex/latex/subfigure/subfigure.cfg)
\subfig@top=\skip71
\subfig@bottom=\skip72
)
(/usr/local/texlive/2016/texmf-dist/tex/latex/psnfss/times.sty
Package: times 2005/04/12 PSNFSS-v9.2a (SPQR) 
)
(/usr/local/texlive/2016/texmf-dist/tex/latex/hyperref/hyperref.sty
Package: hyperref 2016/05/05 v6.83n Hypertext links for LaTeX

(/usr/local/texlive/2016/texmf-dist/tex/generic/oberdiek/hobsub-hyperref.sty
Package: hobsub-hyperref 2016/05/16 v1.14 Bundle oberdiek, subset hyperref (HO)


(/usr/local/texlive/2016/texmf-dist/tex/generic/oberdiek/hobsub-generic.sty
Package: hobsub-generic 2016/05/16 v1.14 Bundle oberdiek, subset generic (HO)
Package: hobsub 2016/05/16 v1.14 Construct package bundles (HO)
Package hobsub Info: Skipping package `infwarerr' (already loaded).
Package hobsub Info: Skipping package `ltxcmds' (already loaded).
Package: ifluatex 2016/05/16 v1.4 Provides the ifluatex switch (HO)
Package ifluatex Info: LuaTeX not detected.
Package hobsub Info: Skipping package `ifvtex' (already loaded).
Package: intcalc 2016/05/16 v1.2 Expandable calculations with integers (HO)
Package hobsub Info: Skipping package `ifpdf' (already loaded).
Package: etexcmds 2016/05/16 v1.6 Avoid name clashes with e-TeX commands (HO)
Package etexcmds Info: Could not find \expanded.
(etexcmds)             That can mean that you are not using pdfTeX 1.50 or
(etexcmds)             that some package has redefined \expanded.
(etexcmds)             In the latter case, load this package earlier.
Package: kvsetkeys 2016/05/16 v1.17 Key value parser (HO)
Package: kvdefinekeys 2016/05/16 v1.4 Define keys (HO)
Package: pdftexcmds 2016/05/10 v0.21 Utility functions of pdfTeX for LuaTeX (HO
)
Package pdftexcmds Info: LuaTeX not detected.
Package pdftexcmds Info: \pdf@primitive is available.
Package pdftexcmds Info: \pdf@ifprimitive is available.
Package pdftexcmds Info: \pdfdraftmode found.
Package: pdfescape 2016/05/16 v1.14 Implements pdfTeX's escape features (HO)
Package: bigintcalc 2016/05/16 v1.4 Expandable calculations on big integers (HO
)
Package: bitset 2016/05/16 v1.2 Handle bit-vector datatype (HO)
Package: uniquecounter 2016/05/16 v1.3 Provide unlimited unique counter (HO)
)
Package hobsub Info: Skipping package `hobsub' (already loaded).
Package: letltxmacro 2016/05/16 v1.5 Let assignment for LaTeX macros (HO)
Package: hopatch 2016/05/16 v1.3 Wrapper for package hooks (HO)
Package: xcolor-patch 2016/05/16 xcolor patch
Package: atveryend 2016/05/16 v1.9 Hooks at the very end of document (HO)
Package atveryend Info: \enddocument detected (standard20110627).
Package: atbegshi 2016/05/16 v1.17 At begin shipout hook (HO)
Package: refcount 2016/05/16 v3.5 Data extraction from label references (HO)
Package: hycolor 2016/05/16 v1.8 Color options for hyperref/bookmark (HO)
)
(/usr/local/texlive/2016/texmf-dist/tex/latex/oberdiek/auxhook.sty
Package: auxhook 2016/05/16 v1.4 Hooks for auxiliary files (HO)
)
(/usr/local/texlive/2016/texmf-dist/tex/latex/oberdiek/kvoptions.sty
Package: kvoptions 2016/05/16 v3.12 Key value format for package options (HO)
)
\@linkdim=\dimen132
\Hy@linkcounter=\count115
\Hy@pagecounter=\count116

(/usr/local/texlive/2016/texmf-dist/tex/latex/hyperref/pd1enc.def
File: pd1enc.def 2016/05/05 v6.83n Hyperref: PDFDocEncoding definition (HO)
)
\Hy@SavedSpaceFactor=\count117

(/usr/local/texlive/2016/texmf-dist/tex/latex/latexconfig/hyperref.cfg
File: hyperref.cfg 2002/06/06 v1.2 hyperref configuration of TeXLive
)
Package hyperref Info: Hyper figures OFF on input line 4446.
Package hyperref Info: Link nesting OFF on input line 4451.
Package hyperref Info: Hyper index ON on input line 4454.
Package hyperref Info: Plain pages OFF on input line 4461.
Package hyperref Info: Backreferencing OFF on input line 4466.
Package hyperref Info: Implicit mode ON; LaTeX internals redefined.
Package hyperref Info: Bookmarks ON on input line 4691.
\c@Hy@tempcnt=\count118

(/usr/local/texlive/2016/texmf-dist/tex/latex/url/url.sty
\Urlmuskip=\muskip11
Package: url 2013/09/16  ver 3.4  Verb mode for urls, etc.
)
LaTeX Info: Redefining \url on input line 5044.
\XeTeXLinkMargin=\dimen133
\Fld@menulength=\count119
\Field@Width=\dimen134
\Fld@charsize=\dimen135
Package hyperref Info: Hyper figures OFF on input line 6298.
Package hyperref Info: Link nesting OFF on input line 6303.
Package hyperref Info: Hyper index ON on input line 6306.
Package hyperref Info: backreferencing OFF on input line 6313.
Package hyperref Info: Link coloring OFF on input line 6318.
Package hyperref Info: Link coloring with OCG OFF on input line 6323.
Package hyperref Info: PDF/A mode OFF on input line 6328.
LaTeX Info: Redefining \ref on input line 6368.
LaTeX Info: Redefining \pageref on input line 6372.
\Hy@abspage=\count120
\c@Item=\count121
\c@Hfootnote=\count122
)

Package hyperref Message: Driver (autodetected): hpdftex.

(/usr/local/texlive/2016/texmf-dist/tex/latex/hyperref/hpdftex.def
File: hpdftex.def 2016/05/05 v6.83n Hyperref driver for pdfTeX
\Fld@listcount=\count123
\c@bookmark@seq@number=\count124

(/usr/local/texlive/2016/texmf-dist/tex/latex/oberdiek/rerunfilecheck.sty
Package: rerunfilecheck 2016/05/16 v1.8 Rerun checks for auxiliary files (HO)
Package uniquecounter Info: New unique counter `rerunfilecheck' on input line 2
82.
)
\Hy@SectionHShift=\skip73
)

LaTeX Warning: Unused global option(s):
    [ITBthesis].

(./Thesis.aux (./abstract.aux) (./acknowledgement.aux) (./abbreviations.aux)
(./chapter1.aux) (./chapter2.aux) (./chapter3.aux

LaTeX Warning: Label `Figure: Graphical illustration of the Agile Model' multip
ly defined.


LaTeX Warning: Label `fig:agile' multiply defined.


LaTeX Warning: Label `fig:agile' multiply defined.


LaTeX Warning: Label `fig:agile' multiply defined.

) (./chapter4.aux

LaTeX Warning: Label `fig:Web Debug Toolbar and Profiler Extended' multiply def
ined.


LaTeX Warning: Label `fig:Web Debug Toolbar and Profiler Extended' multiply def
ined.


LaTeX Warning: Label `fig:Adding Bootstrap' multiply defined.

) (./chapter6.aux) (./chapter7.aux) (./chapter8.aux) (./appendix.aux))
\openout1 = `Thesis.aux'.

LaTeX Font Info:    Checking defaults for OML/cmm/m/it on input line 38.
LaTeX Font Info:    ... okay on input line 38.
LaTeX Font Info:    Checking defaults for T1/cmr/m/n on input line 38.
LaTeX Font Info:    ... okay on input line 38.
LaTeX Font Info:    Checking defaults for OT1/cmr/m/n on input line 38.
LaTeX Font Info:    ... okay on input line 38.
LaTeX Font Info:    Checking defaults for OMS/cmsy/m/n on input line 38.
LaTeX Font Info:    ... okay on input line 38.
LaTeX Font Info:    Checking defaults for OMX/cmex/m/n on input line 38.
LaTeX Font Info:    ... okay on input line 38.
LaTeX Font Info:    Checking defaults for U/cmr/m/n on input line 38.
LaTeX Font Info:    ... okay on input line 38.
LaTeX Font Info:    Checking defaults for PD1/pdf/m/n on input line 38.
LaTeX Font Info:    ... okay on input line 38.
LaTeX Font Info:    Try loading font information for OT1+ptm on input line 38.

(/usr/local/texlive/2016/texmf-dist/tex/latex/psnfss/ot1ptm.fd
File: ot1ptm.fd 2001/06/04 font definitions for OT1/ptm.
)
*geometry* driver: auto-detecting
*geometry* detected driver: pdftex
*geometry* verbose mode - [ preamble ] result:
* driver: pdftex
* paper: <default>
* layout: <same size as paper>
* layoutoffset:(h,v)=(0.0pt,0.0pt)
* modes: includefoot 
* h-part:(L,W,R)=(108.405pt, 433.62001pt, 72.26999pt)
* v-part:(T,H,B)=(72.26999pt, 650.43001pt, 72.26999pt)
* \paperwidth=614.295pt
* \paperheight=794.96999pt
* \textwidth=441.01772pt
* \textheight=617.42471pt
* \oddsidemargin=34.14322pt
* \evensidemargin=0.0pt
* \topmargin=0.0pt
* \headheight=12.0pt
* \headsep=22.76228pt
* \topskip=12.0pt
* \footskip=30.0pt
* \marginparwidth=40.0pt
* \marginparsep=10.0pt
* \columnsep=10.0pt
* \skip\footins=10.8pt plus 4.0pt minus 2.0pt
* \hoffset=0.0pt
* \voffset=0.0pt
* \mag=1000
* \@twocolumnfalse
* \@twosidefalse
* \@mparswitchfalse
* \@reversemarginfalse
* (1in=72.27pt=25.4mm, 1cm=28.453pt)

(/usr/local/texlive/2016/texmf-dist/tex/context/base/mkii/supp-pdf.mkii
[Loading MPS to PDF converter (version 2006.09.02).]
\scratchcounter=\count125
\scratchdimen=\dimen136
\scratchbox=\box32
\nofMPsegments=\count126
\nofMParguments=\count127
\everyMPshowfont=\toks31
\MPscratchCnt=\count128
\MPscratchDim=\dimen137
\MPnumerator=\count129
\makeMPintoPDFobject=\count130
\everyMPtoPDFconversion=\toks32
) (/usr/local/texlive/2016/texmf-dist/tex/latex/oberdiek/epstopdf-base.sty
Package: epstopdf-base 2016/05/15 v2.6 Base part for package epstopdf

(/usr/local/texlive/2016/texmf-dist/tex/latex/oberdiek/grfext.sty
Package: grfext 2016/05/16 v1.2 Manage graphics extensions (HO)
)
Package grfext Info: Graphics extension search list:
(grfext)             [.png,.pdf,.jpg,.mps,.jpeg,.jbig2,.jb2,.PNG,.PDF,.JPG,.JPE
G,.JBIG2,.JB2,.eps]
(grfext)             \AppendGraphicsExtensions on input line 456.

(/usr/local/texlive/2016/texmf-dist/tex/latex/latexconfig/epstopdf-sys.cfg
File: epstopdf-sys.cfg 2010/07/13 v1.3 Configuration of (r)epstopdf for TeX Liv
e
))
\AtBeginShipoutBox=\box33
Package hyperref Info: Link coloring OFF on input line 38.

(/usr/local/texlive/2016/texmf-dist/tex/latex/hyperref/nameref.sty
Package: nameref 2012/10/27 v2.43 Cross-referencing by name of section

(/usr/local/texlive/2016/texmf-dist/tex/generic/oberdiek/gettitlestring.sty
Package: gettitlestring 2016/05/16 v1.5 Cleanup title references (HO)
)
\c@section@level=\count131
)
LaTeX Info: Redefining \ref on input line 38.
LaTeX Info: Redefining \pageref on input line 38.
LaTeX Info: Redefining \nameref on input line 38.

(./Thesis.out) (./Thesis.out)
\@outlinefile=\write4
\openout4 = `Thesis.out'.

\defbaselineskip=\skip74
\c@thm=\count132
\c@defn=\count133
\c@rem=\count134

Most over/underfulls in first few pages are the fault of dalthesis.
Ignore all them. If uncorrectable errors occur, notify staff.
[1

{/usr/local/texlive/2016/texmf-var/fonts/map/pdftex/updmap/pdftex.map}]
LaTeX Font Info:    Font shape `OT1/ptm/bx/n' in size <12> not available
(Font)              Font shape `OT1/ptm/b/n' tried instead on input line 148.

Underfull \hbox (badness 10000) in paragraph at lines 148--148

 []


Overfull \hbox (8.80762pt too wide) in paragraph at lines 148--148
\OT1/ptm/m/n/12 where oth-er-wise stated, and has not been sub-mit-ted for as-s
ess-ment for an aca-demic
 []


Underfull \hbox (badness 10000) in paragraph at lines 148--148

 []

[2]
\openout2 = `abstract.aux'.

 (./abstract.tex
LaTeX Font Info:    Font shape `OT1/ptm/bx/n' in size <24.88> not available
(Font)              Font shape `OT1/ptm/b/n' tried instead on input line 3.
 Excluding 'comment' comment.
Underfull \hbox (badness 10000) in paragraph at lines 14--16

 []

Excluding 'comment' comment.
Underfull \hbox (badness 10000) in paragraph at lines 29--30

 []


Overfull \hbox (4.35648pt too wide) in paragraph at lines 29--30
\OT1/ptm/m/n/12 bod-ies such as SUSI and the ESF Ire-land which have lead to br
ing-ing the un-em-ploy-ment
 []

pdfTeX warning (ext4): destination with the same identifier (name{page.ii}) has
 been already used, duplicate ignored
<to be read again> 
                   \relax 
l.30 
      [2


] Excluding 'comment' comment. [3] Excluding 'comment' comment.
Excluding 'comment' comment. Excluding 'comment' comment.) [4]
Acknowledgements
\openout2 = `acknowledgement.aux'.

(./acknowledgement.tex) [5



]
\@defbaselineskip=\skip75
 (./Thesis.toc
LaTeX Font Info:    Try loading font information for U+msa on input line 8.

(/usr/local/texlive/2016/texmf-dist/tex/latex/amsfonts/umsa.fd
File: umsa.fd 2013/01/14 v3.01 AMS symbols A
)
LaTeX Font Info:    Try loading font information for U+msb on input line 8.

(/usr/local/texlive/2016/texmf-dist/tex/latex/amsfonts/umsb.fd
File: umsb.fd 2013/01/14 v3.01 AMS symbols B
)
LaTeX Font Info:    Try loading font information for U+lasy on input line 8.

(/usr/local/texlive/2016/texmf-dist/tex/latex/base/ulasy.fd
File: ulasy.fd 1998/08/17 v2.2e LaTeX symbol font definitions
) [6


] [7] [8]
[9])
\tf@toc=\write5
\openout5 = `Thesis.toc'.

 [10] (./Thesis.lot)
\tf@lot=\write6
\openout6 = `Thesis.lot'.

 [11

] (./Thesis.lof [12

] [13])
\tf@lof=\write7
\openout7 = `Thesis.lof'.

 [14]
Abbreviations
\openout2 = `abbreviations.aux'.

(./abbreviations.tex
Underfull \vbox (badness 10000) detected at line 31
 []

) [15


]
Dalthesis preface pages completed.

Package Fancyhdr Warning: \fancyhead's `E' option without twoside option is use
less on input line 177.


Package Fancyhdr Warning: \fancyhead's `E' option without twoside option is use
less on input line 178.

\openout2 = `chapter1.aux'.

(./chapter1.tex
Chapter 1.
LaTeX Font Info:    Font shape `OT1/ptm/bx/n' in size <17.28> not available
(Font)              Font shape `OT1/ptm/b/n' tried instead on input line 6.
Excluding 'comment' comment. Excluding 'comment' comment.
Overfull \hbox (9.90147pt too wide) in paragraph at lines 30--33
\OT1/ptm/m/n/12 database and database ta-bles to cross-reference the newly cre-
ated ta-ble of ran-domised ques-tions
 []

Excluding 'comment' comment. [1



] Excluding 'comment' comment.
Excluding 'comment' comment. Excluding 'comment' comment.
LaTeX Font Info:    Try loading font information for OT1+bch on input line 136.


(/usr/local/texlive/2016/texmf-dist/tex/latex/psnfss/ot1bch.fd
File: ot1bch.fd 2004/10/18 font definitions for OT1/bch.
) [2]
Excluding 'comment' comment. Excluding 'comment' comment.
Excluding 'comment' comment.
<Figures/sdlc_agile_model.png, id=665, 616.3025pt x 445.665pt>
File: Figures/sdlc_agile_model.png Graphic file (type png)

<use Figures/sdlc_agile_model.png>
Package pdftex.def Info: Figures/sdlc_agile_model.png used on input line 180.
(pdftex.def)             Requested size: 400.0pt x 289.2572pt.
 Excluding 'comment' comment.
Excluding 'comment' comment. [3] [4 <./Figures/sdlc_agile_model.png>]
Excluding 'comment' comment. Excluding 'comment' comment.

LaTeX Warning: Float too large for page by 48.65634pt on input line 283.


LaTeX Warning: `h' float specifier changed to `ht'.

<Figures/gantt.png, id=681, 1284.8pt x 626.34pt>
File: Figures/gantt.png Graphic file (type png)
 <use Figures/gantt.png>
Package pdftex.def Info: Figures/gantt.png used on input line 286.
(pdftex.def)             Requested size: 400.0pt x 194.99486pt.
)
[5 <./Figures/gantt.png>] [6]
\openout2 = `chapter2.aux'.

 (./chapter2.tex
Chapter 2.
Missing character: There is no â in font ptmr7t!
Missing character: There is no € in font ptmr7t!
Missing character: There is no ™ in font ptmr7t!

Overfull \hbox (2.15022pt too wide) in paragraph at lines 6--7
\OT1/ptm/m/n/12 This chap-ter looks at ex-ist-ing re-search and de-vel-op-ment 
sam-ples un-der-taken by other stu-dents
 []

Missing character: There is no â in font ptmr7t!
Missing character: There is no € in font ptmr7t!
Missing character: There is no ™ in font ptmr7t!
Missing character: There is no â in font ptmr7t!
Missing character: There is no € in font ptmr7t!
Missing character: There is no “ in font ptmr7t!
Missing character: There is no â in font ptmr7t!
Missing character: There is no € in font ptmr7t!
Missing character: There is no “ in font ptmr7t!
Missing character: There is no â in font ptmr7t!
Missing character: There is no € in font ptmr7t!
Missing character: There is no “ in font ptmr7t!
[7



]
Overfull \hbox (5.33023pt too wide) in paragraph at lines 13--14
\OT1/ptm/m/n/12 by not se-lect-ing a re-peated ques-tion in a ran-dom man-ner. 
Ques-tions and an-swers are sep-a-rated.
 []

<Figures/function_module.png, id=695, 587.19376pt x 358.33875pt>
File: Figures/function_module.png Graphic file (type png)

<use Figures/function_module.png>
Package pdftex.def Info: Figures/function_module.png used on input line 16.
(pdftex.def)             Requested size: 400.0pt x 244.10455pt.

<Figures/road_map.png, id=698, 573.14125pt x 151.56625pt>
File: Figures/road_map.png Graphic file (type png)

<use Figures/road_map.png>
Package pdftex.def Info: Figures/road_map.png used on input line 21.
(pdftex.def)             Requested size: 400.0pt x 105.78111pt.

<Figures/Flow_chart.png, id=701, 619.31375pt x 299.1175pt>
File: Figures/Flow_chart.png Graphic file (type png)

<use Figures/Flow_chart.png>
Package pdftex.def Info: Figures/Flow_chart.png used on input line 26.
(pdftex.def)             Requested size: 400.0pt x 193.20087pt.
)
Overfull \hbox (7.89722pt too wide) in paragraph at lines 30--184
\OT1/ptm/m/n/12 gen-er-a-tion sys-tem sat-isfy the re-quire-ments of shuf-fling
 the ques-tions. Un-der cer-tain con-straints
 []


Overfull \hbox (2.1501pt too wide) in paragraph at lines 30--184
\OT1/ptm/m/n/12 al-go-rithms can be in-te-grated into im-proved shared global o
p-ti-mi-sa-tion al-go-rithm and dy-namic
 []


Overfull \hbox (7.20201pt too wide) in paragraph at lines 30--184
\OT1/ptm/m/n/12 and sim-u-lated an-neal-ing al-go-rithm. These are di-vided int
o two cat-e-gories which are pop-u-la-tion
 []

[8] [9 <./Figures/function_module.png> <./Figures/road_map.png>] [10 <./Figures
/Flow_chart.png>] [11]
\openout2 = `chapter3.aux'.

 (./chapter3.tex
Chapter 3.
File: Figures/sdlc_agile_model.png Graphic file (type png)
<use Figures/sdlc_agile_model.png>
Package pdftex.def Info: Figures/sdlc_agile_model.png used on input line 17.
(pdftex.def)             Requested size: 400.0pt x 289.2572pt.
LaTeX Font Info:    Font shape `OT1/ptm/bx/n' in size <14.4> not available
(Font)              Font shape `OT1/ptm/b/n' tried instead on input line 22.
 [12



] [13]
<figures/incrementally-over-all-at-once.png, id=737, 582.175pt x 262.9825pt>
File: figures/incrementally-over-all-at-once.png Graphic file (type png)

<use figures/incrementally-over-all-at-once.png>
Package pdftex.def Info: figures/incrementally-over-all-at-once.png used on inp
ut line 26.
(pdftex.def)             Requested size: 400.0pt x 180.69167pt.

<figures/burn-down-simple.png, id=740, 582.175pt x 259.97125pt>
File: figures/burn-down-simple.png Graphic file (type png)

<use figures/burn-down-simple.png>
Package pdftex.def Info: figures/burn-down-simple.png used on input line 32.
(pdftex.def)             Requested size: 400.0pt x 178.62268pt.
 [14 <./figures/incrementally-over-all-at-once.png> <./figures/burn-down-simple
.png>]
Overfull \hbox (6.33577pt too wide) in paragraph at lines 43--44
[]\OT1/ptm/m/n/12 At this point you have two choices. You can ei-ther a) do les
s and cut scope (rec-om-mended).
 []

<figures/update-the-plan.png, id=749, 539.01375pt x 263.98625pt>
File: figures/update-the-plan.png Graphic file (type png)

<use figures/update-the-plan.png>
Package pdftex.def Info: figures/update-the-plan.png used on input line 46.
(pdftex.def)             Requested size: 400.0pt x 195.90666pt.
 [15 <./figures/update-the-plan.png>] [16]
Excluding 'comment' comment.) [17]
\openout2 = `chapter4.aux'.

 (./chapter4.tex
Chapter 4.

Overfull \hbox (2.12523pt too wide) in paragraph at lines 12--13
\OT1/ptm/m/n/12 built on a Mac OS so the in-struc-tions would vary slightly due
 to the com-mand line in-struc-tions
 []

<figures/symfony_documentation.png, id=767, 1369.115pt x 860.21375pt>
File: figures/symfony_documentation.png Graphic file (type png)

<use figures/symfony_documentation.png>
Package pdftex.def Info: figures/symfony_documentation.png used on input line 1
6.
(pdftex.def)             Requested size: 400.0pt x 251.31946pt.

<figures/symfony_installation.png, id=768, 681.54625pt x 227.85126pt>
File: figures/symfony_installation.png Graphic file (type png)

<use figures/symfony_installation.png>
Package pdftex.def Info: figures/symfony_installation.png used on input line 23
.
(pdftex.def)             Requested size: 400.0pt x 133.7253pt.
 [18



] [19 <./figures/symfony_documentation.png> <./figures/symfony_installation.png
>]
<figures/new_application.png, id=779, 671.50874pt x 451.6875pt>
File: figures/new_application.png Graphic file (type png)

<use figures/new_application.png>
Package pdftex.def Info: figures/new_application.png used on input line 32.
(pdftex.def)             Requested size: 400.0pt x 269.0572pt.

<figures/terminal_window_top.png, id=782, 1367.1075pt x 859.21pt>
File: figures/terminal_window_top.png Graphic file (type png)

<use figures/terminal_window_top.png>
Package pdftex.def Info: figures/terminal_window_top.png used on input line 41.

(pdftex.def)             Requested size: 400.0pt x 251.3933pt.

<figures/terminal_window_bottom.png, id=783, 1367.1075pt x 859.21pt>
File: figures/terminal_window_bottom.png Graphic file (type png)

<use figures/terminal_window_bottom.png>
Package pdftex.def Info: figures/terminal_window_bottom.png used on input line 
48.
(pdftex.def)             Requested size: 400.0pt x 251.3933pt.

<figures/php_server_run.png, id=784, 1367.1075pt x 859.21pt>
File: figures/php_server_run.png Graphic file (type png)

<use figures/php_server_run.png>
Package pdftex.def Info: figures/php_server_run.png used on input line 55.
(pdftex.def)             Requested size: 400.0pt x 251.3933pt.

<figures/php_server_start.png, id=785, 1367.1075pt x 859.21pt>
File: figures/php_server_start.png Graphic file (type png)

<use figures/php_server_start.png>
Package pdftex.def Info: figures/php_server_start.png used on input line 62.
(pdftex.def)             Requested size: 400.0pt x 251.3933pt.
 [20 <./figures/new_application.png>]
[21 <./figures/terminal_window_top.png> <./figures/terminal_window_bottom.png>]
[22 <./figures/php_server_run.png> <./figures/php_server_start.png>]
<figures/symfony_browser.png, id=806, 1369.115pt x 860.21375pt>
File: figures/symfony_browser.png Graphic file (type png)

<use figures/symfony_browser.png>
Package pdftex.def Info: figures/symfony_browser.png used on input line 75.
(pdftex.def)             Requested size: 400.0pt x 251.31946pt.

<figures/configuration_checker.png, id=807, 1369.115pt x 860.21375pt>
File: figures/configuration_checker.png Graphic file (type png)

<use figures/configuration_checker.png>
Package pdftex.def Info: figures/configuration_checker.png used on input line 8
2.
(pdftex.def)             Requested size: 400.0pt x 251.31946pt.

<figures/webdebug_1.png, id=808, 1397.22pt x 888.31876pt>
File: figures/webdebug_1.png Graphic file (type png)

<use figures/webdebug_1.png>
Package pdftex.def Info: figures/webdebug_1.png used on input line 89.
(pdftex.def)             Requested size: 400.0pt x 254.31206pt.

<figures/webdebug_2.png, id=809, 1397.22pt x 888.31876pt>
File: figures/webdebug_2.png Graphic file (type png)

<use figures/webdebug_2.png>
Package pdftex.def Info: figures/webdebug_2.png used on input line 90.
(pdftex.def)             Requested size: 400.0pt x 254.31206pt.

<figures/webdebug_3.png, id=810, 1397.22pt x 888.31876pt>
File: figures/webdebug_3.png Graphic file (type png)

<use figures/webdebug_3.png>
Package pdftex.def Info: figures/webdebug_3.png used on input line 97.
(pdftex.def)             Requested size: 400.0pt x 254.31206pt.

<figures/webdebug_4.png, id=811, 1397.22pt x 888.31876pt>
File: figures/webdebug_4.png Graphic file (type png)

<use figures/webdebug_4.png>
Package pdftex.def Info: figures/webdebug_4.png used on input line 98.
(pdftex.def)             Requested size: 400.0pt x 254.31206pt.

<figures/webdebug_5.png, id=812, 1397.22pt x 888.31876pt>
File: figures/webdebug_5.png Graphic file (type png)

<use figures/webdebug_5.png>
Package pdftex.def Info: figures/webdebug_5.png used on input line 105.
(pdftex.def)             Requested size: 400.0pt x 254.31206pt.

<figures/webdebug_6.png, id=813, 1369.115pt x 860.21375pt>
File: figures/webdebug_6.png Graphic file (type png)

<use figures/webdebug_6.png>
Package pdftex.def Info: figures/webdebug_6.png used on input line 106.
(pdftex.def)             Requested size: 400.0pt x 251.31946pt.
 [23 <./figures/symfony_browser.png>]
<figures/AppKernel.png, id=824, 850.17625pt x 121.45375pt>
File: figures/AppKernel.png Graphic file (type png)

<use figures/AppKernel.png>
Package pdftex.def Info: figures/AppKernel.png used on input line 116.
(pdftex.def)             Requested size: 400.0pt x 57.14256pt.

<figures/routing_dev.png, id=825, 904.37875pt x 225.84375pt>
File: figures/routing_dev.png Graphic file (type png)

<use figures/routing_dev.png>
Package pdftex.def Info: figures/routing_dev.png used on input line 117.
(pdftex.def)             Requested size: 400.0pt x 99.88846pt.

<figures/config_dev.png, id=826, 904.37875pt x 75.28125pt>
File: figures/config_dev.png Graphic file (type png)

<use figures/config_dev.png>
Package pdftex.def Info: figures/config_dev.png used on input line 118.
(pdftex.def)             Requested size: 400.0pt x 33.29614pt.
 [24 <./figures/configuration_checker.png>]
[25 <./figures/webdebug_1.png> <./figures/webdebug_2.png>] [26 <./figures/webde
bug_3.png> <./figures/webdebug_4.png>] [27 <./figures/webdebug_5.png> <./figure
s/webdebug_6.png>]
<figures/default_controller.png, id=856, 1369.115pt x 860.21375pt>
File: figures/default_controller.png Graphic file (type png)

<use figures/default_controller.png>
Package pdftex.def Info: figures/default_controller.png used on input line 131.

(pdftex.def)             Requested size: 400.0pt x 251.31946pt.

<figures/twig_index.png, id=857, 1369.115pt x 860.21375pt>
File: figures/twig_index.png Graphic file (type png)

<use figures/twig_index.png>
Package pdftex.def Info: figures/twig_index.png used on input line 138.
(pdftex.def)             Requested size: 400.0pt x 251.31946pt.

<figures/index_html.png, id=858, 1369.115pt x 860.21375pt>
File: figures/index_html.png Graphic file (type png)

<use figures/index_html.png>
Package pdftex.def Info: figures/index_html.png used on input line 145.
(pdftex.def)             Requested size: 400.0pt x 251.31946pt.

<figures/base_html.png, id=859, 1369.115pt x 860.21375pt>
File: figures/base_html.png Graphic file (type png)

<use figures/base_html.png>
Package pdftex.def Info: figures/base_html.png used on input line 146.
(pdftex.def)             Requested size: 400.0pt x 251.31946pt.

<figures/bootstrap_html.png, id=860, 1369.115pt x 860.21375pt>
File: figures/bootstrap_html.png Graphic file (type png)

<use figures/bootstrap_html.png>
Package pdftex.def Info: figures/bootstrap_html.png used on input line 153.
(pdftex.def)             Requested size: 400.0pt x 251.31946pt.

<figures/homepage.png, id=861, 1369.115pt x 860.21375pt>
File: figures/homepage.png Graphic file (type png)

<use figures/homepage.png>
Package pdftex.def Info: figures/homepage.png used on input line 160.
(pdftex.def)             Requested size: 400.0pt x 251.31946pt.

<figures/entity_crud.png, id=862, 1369.115pt x 860.21375pt>
File: figures/entity_crud.png Graphic file (type png)

<use figures/entity_crud.png>
Package pdftex.def Info: figures/entity_crud.png used on input line 171.
(pdftex.def)             Requested size: 400.0pt x 251.31946pt.
 [28 <./figures/AppKernel.png> <./figures/routing_dev.png> <./figures/config_de
v.png>] [29 <./figures/default_controller.png> <./figures/twig_index.png>] [30 
<./figures/index_html.png> <./figures/base_html.png>] [31 <./figures/bootstrap_
html.png> <./figures/homepage.png>]
<figures/mamp_ports.png, id=890, 650.43pt x 553.06625pt>
File: figures/mamp_ports.png Graphic file (type png)

<use figures/mamp_ports.png>
Package pdftex.def Info: figures/mamp_ports.png used on input line 180.
(pdftex.def)             Requested size: 400.0pt x 340.1295pt.

<figures/entities.png, id=891, 1369.115pt x 860.21375pt>
File: figures/entities.png Graphic file (type png)

<use figures/entities.png>
Package pdftex.def Info: figures/entities.png used on input line 187.
(pdftex.def)             Requested size: 400.0pt x 251.31946pt.

<figures/tables_user_entity.png, id=892, 1369.115pt x 860.21375pt>
File: figures/tables_user_entity.png Graphic file (type png)

<use figures/tables_user_entity.png>
Package pdftex.def Info: figures/tables_user_entity.png used on input line 194.

(pdftex.def)             Requested size: 400.0pt x 251.31946pt.

<figures/templates.png, id=893, 1369.115pt x 860.21375pt>
File: figures/templates.png Graphic file (type png)

<use figures/templates.png>
Package pdftex.def Info: figures/templates.png used on input line 201.
(pdftex.def)             Requested size: 400.0pt x 251.31946pt.

<figures/form_type.png, id=894, 1369.115pt x 860.21375pt>
File: figures/form_type.png Graphic file (type png)

<use figures/form_type.png>
Package pdftex.def Info: figures/form_type.png used on input line 208.
(pdftex.def)             Requested size: 400.0pt x 251.31946pt.
 [32 <./figures/entity_crud.png>] [33 <./figures/mamp_ports.png>] [34 <./figure
s/entities.png> <./figures/tables_user_entity.png>]
[35 <./figures/templates.png> <./figures/form_type.png>] [36]
<figures/index_html_twig.png, id=926, 1284.8pt x 803.0pt>
File: figures/index_html_twig.png Graphic file (type png)

<use figures/index_html_twig.png>
Package pdftex.def Info: figures/index_html_twig.png used on input line 236.
(pdftex.def)             Requested size: 400.0pt x 249.99342pt.

<figures/new_html_twig.png, id=927, 1284.8pt x 803.0pt>
File: figures/new_html_twig.png Graphic file (type png)

<use figures/new_html_twig.png>
Package pdftex.def Info: figures/new_html_twig.png used on input line 243.
(pdftex.def)             Requested size: 400.0pt x 249.99342pt.

<figures/show_html_twig.png, id=928, 1284.8pt x 803.0pt>
File: figures/show_html_twig.png Graphic file (type png)

<use figures/show_html_twig.png>
Package pdftex.def Info: figures/show_html_twig.png used on input line 250.
(pdftex.def)             Requested size: 400.0pt x 249.99342pt.

<figures/edit_html_twig.png, id=929, 1284.8pt x 803.0pt>
File: figures/edit_html_twig.png Graphic file (type png)

<use figures/edit_html_twig.png>
Package pdftex.def Info: figures/edit_html_twig.png used on input line 257.
(pdftex.def)             Requested size: 400.0pt x 249.99342pt.
 [37 <./figures/index_html_twig.png>] [38 <./figures/new_html_twig.png> <./figu
res/show_html_twig.png>] [39 <./figures/edit_html_twig.png>] <figures/userType.
png, id=948, 1369.115pt x 860.21375pt>
File: figures/userType.png Graphic file (type png)

<use figures/userType.png>
Package pdftex.def Info: figures/userType.png used on input line 270.
(pdftex.def)             Requested size: 400.0pt x 251.31946pt.

<figures/form_label.png, id=950, 1369.115pt x 860.21375pt>
File: figures/form_label.png Graphic file (type png)

<use figures/form_label.png>
Package pdftex.def Info: figures/form_label.png used on input line 285.
(pdftex.def)             Requested size: 400.0pt x 251.31946pt.
 [40 <./figures/userType.png>]
<figures/form_validation.png, id=957, 1369.115pt x 860.21375pt>
File: figures/form_validation.png Graphic file (type png)

<use figures/form_validation.png>
Package pdftex.def Info: figures/form_validation.png used on input line 298.
(pdftex.def)             Requested size: 400.0pt x 251.31946pt.

<figures/entity_validation.png, id=959, 1369.115pt x 860.21375pt>
File: figures/entity_validation.png Graphic file (type png)

<use figures/entity_validation.png>
Package pdftex.def Info: figures/entity_validation.png used on input line 307.
(pdftex.def)             Requested size: 400.0pt x 251.31946pt.

<figures/assert_constraints.png, id=961, 1369.115pt x 860.21375pt>
File: figures/assert_constraints.png Graphic file (type png)

<use figures/assert_constraints.png>
Package pdftex.def Info: figures/assert_constraints.png used on input line 317.

(pdftex.def)             Requested size: 400.0pt x 251.31946pt.
 [41 <./figures/form_label.png>] [42 <./figures/form_validation.png> <./figures
/entity_validation.png>] [43 <./figures/assert_constraints.png>]
<figures/form_errors.png, id=980, 1369.115pt x 860.21375pt>
File: figures/form_errors.png Graphic file (type png)

<use figures/form_errors.png>
Package pdftex.def Info: figures/form_errors.png used on input line 332.
(pdftex.def)             Requested size: 400.0pt x 251.31946pt.
 [44 <./figures/form_errors.png>]
<figures/formthemeoverwrite.png, id=987, 1369.115pt x 860.21375pt>
File: figures/formthemeoverwrite.png Graphic file (type png)

<use figures/formthemeoverwrite.png>
Package pdftex.def Info: figures/formthemeoverwrite.png used on input line 348.

(pdftex.def)             Requested size: 400.0pt x 251.31946pt.

<figures/usercontroller_button.png, id=988, 1369.115pt x 860.21375pt>
File: figures/usercontroller_button.png Graphic file (type png)

<use figures/usercontroller_button.png>
Package pdftex.def Info: figures/usercontroller_button.png used on input line 3
55.
(pdftex.def)             Requested size: 400.0pt x 251.31946pt.

<figures/form_theming.png, id=990, 1284.8pt x 803.0pt>
File: figures/form_theming.png Graphic file (type png)

<use figures/form_theming.png>
Package pdftex.def Info: figures/form_theming.png used on input line 364.
(pdftex.def)             Requested size: 400.0pt x 249.99342pt.
 [45 <./figures/formthemeoverwrite.png>] [46 <./figures/usercontroller_button.p
ng> <./figures/form_theming.png>]
<figures/fixtures.png, id=1004, 1369.115pt x 860.21375pt>
File: figures/fixtures.png Graphic file (type png)

<use figures/fixtures.png>
Package pdftex.def Info: figures/fixtures.png used on input line 386.
(pdftex.def)             Requested size: 400.0pt x 251.31946pt.

<figures/bundles.png, id=1005, 1369.115pt x 860.21375pt>
File: figures/bundles.png Graphic file (type png)

<use figures/bundles.png>
Package pdftex.def Info: figures/bundles.png used on input line 393.
(pdftex.def)             Requested size: 400.0pt x 251.31946pt.

Overfull \hbox (48.88933pt too wide) in paragraph at lines 398--399
\OT1/ptm/m/n/12 App-Bun-dle a di-rec-tory is cre-ated with the name DataFix-tur
es and a class called Pop-u-la-teUserTable.php.
 []

<figures/faker.png, id=1008, 1369.115pt x 860.21375pt>
File: figures/faker.png Graphic file (type png)
 <use figures/faker.png>
Package pdftex.def Info: figures/faker.png used on input line 402.
(pdftex.def)             Requested size: 400.0pt x 251.31946pt.

[47 <./figures/fixtures.png>] [48 <./figures/bundles.png> <./figures/faker.png>
] <figures/objectmanager_flush.png, id=1021, 1369.115pt x 860.21375pt>
File: figures/objectmanager_flush.png Graphic file (type png)

<use figures/objectmanager_flush.png>
Package pdftex.def Info: figures/objectmanager_flush.png used on input line 411
.
(pdftex.def)             Requested size: 400.0pt x 251.31946pt.

<figures/fixtures_load_purge.png, id=1022, 1369.115pt x 860.21375pt>
File: figures/fixtures_load_purge.png Graphic file (type png)

<use figures/fixtures_load_purge.png>
Package pdftex.def Info: figures/fixtures_load_purge.png used on input line 418
.
(pdftex.def)             Requested size: 400.0pt x 251.31946pt.
) [49 <./figures/objectmanager_flush.png>] [50 <./figures/fixtures_load_purge.p
ng>]
\openout2 = `chapter6.aux'.

 (./chapter6.tex
Chapter 5.
[51



]) [52] [53]
\openout2 = `chapter7.aux'.

 (./chapter7.tex
Chapter 6.
Excluding 'comment' comment. Excluding 'comment' comment.
Missing character: There is no â in font ptmr7t!
Missing character: There is no € in font ptmr7t!
Missing character: There is no “ in font ptmr7t!
Missing character: There is no â in font ptmr7t!
Missing character: There is no € in font ptmr7t!
Missing character: There is no “ in font ptmr7t!

Excluding 'comment' comment. Excluding 'comment' comment.) [54



]
\openout2 = `chapter8.aux'.

 (./chapter8.tex
Chapter 7.
Excluding 'comment' comment. Excluding 'comment' comment.
Excluding 'comment' comment. Excluding 'comment' comment.) [55



] (./Thesis.bbl
Excluding 'comment' comment.
Underfull \hbox (badness 5189) in paragraph at lines 40--42
[] \OT1/ptm/m/n/12 Cit-i-zens In-for-ma-tion - Third level places for un-em-plo
yed peo-ple.  on-line,
 []

[56


]) [57]
\openout2 = `appendix.aux'.

 (./appendix.tex [58


] Excluding 'comment' comment.
<Figures/Login_Screen.png, id=1081, 871.255pt x 609.27625pt>
File: Figures/Login_Screen.png Graphic file (type png)

<use Figures/Login_Screen.png>
Package pdftex.def Info: Figures/Login_Screen.png used on input line 15.
(pdftex.def)             Requested size: 400.0pt x 279.72195pt.
 [59 <./Figures/Login_Screen.png>]
Excluding 'comment' comment.
<Figures/Question_Entry.png, id=1087, 871.255pt x 609.27625pt>
File: Figures/Question_Entry.png Graphic file (type png)

<use Figures/Question_Entry.png>
Package pdftex.def Info: Figures/Question_Entry.png used on input line 78.
(pdftex.def)             Requested size: 400.0pt x 279.72195pt.
 [60 <./Figures/Question_Entry.png>]
Excluding 'comment' comment.
<Figures/Generate_Question_Paper.png, id=1093, 871.255pt x 609.27625pt>
File: Figures/Generate_Question_Paper.png Graphic file (type png)

<use Figures/Generate_Question_Paper.png>
Package pdftex.def Info: Figures/Generate_Question_Paper.png used on input line
 96.
(pdftex.def)             Requested size: 400.0pt x 279.72195pt.
 [61 <./Figures/Generate_Question_Paper.png>] Excluding 'comment' comment.
<Figures/Show_Questions.png, id=1099, 871.255pt x 609.27625pt>
File: Figures/Show_Questions.png Graphic file (type png)

<use Figures/Show_Questions.png>
Package pdftex.def Info: Figures/Show_Questions.png used on input line 252.
(pdftex.def)             Requested size: 400.0pt x 279.72195pt.
 [62 <./Figures/Show_Questions.png>]
Excluding 'comment' comment.
<Figures/Shows.png, id=1105, 871.255pt x 609.27625pt>
File: Figures/Shows.png Graphic file (type png)
 <use Figures/Shows.png>
Package pdftex.def Info: Figures/Shows.png used on input line 417.
(pdftex.def)             Requested size: 400.0pt x 279.72195pt.

Excluding 'comment' comment. [63 <./Figures/Shows.png>])
Package atveryend Info: Empty hook `BeforeClearDocument' on input line 204.
Package atveryend Info: Empty hook `AfterLastShipout' on input line 204.
 (./Thesis.aux
(./abstract.aux) (./acknowledgement.aux) (./abbreviations.aux) (./chapter1.aux)
(./chapter2.aux) (./chapter3.aux) (./chapter4.aux) (./chapter6.aux)
(./chapter7.aux) (./chapter8.aux) (./appendix.aux))
Package atveryend Info: Executing hook `AtVeryEndDocument' on input line 204.
Package atveryend Info: Executing hook `AtEndAfterFileList' on input line 204.
Package rerunfilecheck Info: File `Thesis.out' has not changed.
(rerunfilecheck)             Checksum: 8431B27BB7FAC1DF486748BB7686492E;5660.


LaTeX Warning: There were multiply-defined labels.

Package atveryend Info: Empty hook `AtVeryVeryEnd' on input line 204.
 ) 
Here is how much of TeX's memory you used:
 8413 strings out of 493014
 123189 string characters out of 6133351
 220715 words of memory out of 5000000
 11429 multiletter control sequences out of 15000+600000
 25470 words of font info for 56 fonts, out of 8000000 for 9000
 1141 hyphenation exceptions out of 8191
 29i,10n,43p,2665b,444s stack positions out of 5000i,500n,10000p,200000b,80000s
{/usr/local/texlive/2016/texmf-dist/fonts/enc/dvips/base/8r.enc}</usr/local/t
exlive/2016/texmf-dist/fonts/type1/bitstrea/charter/bchb8a.pfb></usr/local/texl
ive/2016/texmf-dist/fonts/type1/public/amsfonts/cm/cmsy10.pfb></usr/local/texli
ve/2016/texmf-dist/fonts/type1/urw/times/utmb8a.pfb></usr/local/texlive/2016/te
xmf-dist/fonts/type1/urw/times/utmr8a.pfb>
Output written on Thesis.pdf (79 pages, 4918893 bytes).
PDF statistics:
 1186 PDF objects out of 1200 (max. 8388607)
 969 compressed objects within 10 object streams
 242 named destinations out of 1000 (max. 500000)
 1010 words of extra memory for PDF output out of 10000 (max. 10000000)

